2021-10-01 13:10:33,038 INFO c.m.s.Controller [http-nio-8080-exec-2] HelloServlet.init
2021-10-01 13:10:33,065 INFO c.m.s.Controller [http-nio-8080-exec-2] Controller.doGet   commandName ==> logIn
2021-10-01 13:10:33,812 INFO c.m.s.Controller [http-nio-8080-exec-2] Controller.doGet   address ==> index.jsp
2021-10-01 13:10:38,508 INFO c.m.s.Controller [http-nio-8080-exec-4] Controller.doGet   commandName ==> getLocations
2021-10-01 13:10:38,581 INFO c.m.s.Controller [http-nio-8080-exec-4] Controller.doGet   address ==> jsp/admin/addExhibition.jsp
2021-10-01 13:10:38,584 INFO c.m.f.AccessFilter [http-nio-8080-exec-5] AccessFilter.doFilter  User ==> User{id=1, login='admin', role='administrator'}
2021-10-01 13:11:45,632 INFO c.m.s.Controller [http-nio-8080-exec-8] Controller.doPost  commandName ==> addExhibition
2021-10-01 13:11:45,815 INFO c.m.s.Controller [http-nio-8080-exec-8] Controller.doPost   address ==> controller?command=getLocations
2021-10-01 13:11:45,828 INFO c.m.s.Controller [http-nio-8080-exec-8] Controller.doGet   commandName ==> getLocations
2021-10-01 13:11:45,883 INFO c.m.s.Controller [http-nio-8080-exec-8] Controller.doGet   address ==> jsp/admin/addExhibition.jsp
2021-10-01 13:11:45,888 INFO c.m.f.AccessFilter [http-nio-8080-exec-9] AccessFilter.doFilter  User ==> User{id=1, login='admin', role='administrator'}
2021-10-01 13:12:14,524 INFO c.m.s.Controller [http-nio-8080-exec-2] Controller.doGet   commandName ==> getExhibitions
2021-10-01 13:12:14,658 INFO c.m.s.Controller [http-nio-8080-exec-2] Controller.doGet   address ==> index.jsp
2021-10-01 13:12:14,727 INFO c.m.s.Controller [http-nio-8080-exec-3] Controller.doGet   commandName ==> getImg
2021-10-01 13:12:14,728 INFO c.m.s.Controller [http-nio-8080-exec-4] Controller.doGet   commandName ==> getImg
2021-10-01 13:12:19,582 INFO c.m.s.Controller [http-nio-8080-exec-5] Controller.doGet   commandName ==> getExhibitions
2021-10-01 13:12:19,619 INFO c.m.s.Controller [http-nio-8080-exec-5] Controller.doGet   address ==> index.jsp
2021-10-01 13:12:19,661 INFO c.m.s.Controller [http-nio-8080-exec-6] Controller.doGet   commandName ==> getImg
2021-10-01 13:12:19,700 INFO c.m.s.Controller [http-nio-8080-exec-7] Controller.doGet   commandName ==> getImg
2021-10-01 13:12:21,839 INFO c.m.s.Controller [http-nio-8080-exec-8] Controller.doGet   commandName ==> getExhibitions
2021-10-01 13:12:21,890 INFO c.m.s.Controller [http-nio-8080-exec-8] Controller.doGet   address ==> index.jsp
2021-10-01 13:12:21,939 INFO c.m.s.Controller [http-nio-8080-exec-9] Controller.doGet   commandName ==> getImg
2021-10-01 13:12:21,939 INFO c.m.s.Controller [http-nio-8080-exec-10] Controller.doGet   commandName ==> getImg
2021-10-01 13:41:18,662 INFO c.m.s.Controller [main] HelloServlet.destroy
2021-10-01 13:41:36,712 INFO c.m.s.Controller [http-nio-8080-exec-9] HelloServlet.init
2021-10-01 13:41:36,740 INFO c.m.s.Controller [http-nio-8080-exec-9] Controller.doGet   commandName ==> getExhibitions
2021-10-01 13:41:37,658 INFO c.m.s.Controller [http-nio-8080-exec-9] Controller.doGet   address ==> index.jsp
2021-10-01 13:41:37,697 INFO c.m.s.Controller [http-nio-8080-exec-1] Controller.doGet   commandName ==> getImg
2021-10-01 13:41:37,698 INFO c.m.s.Controller [http-nio-8080-exec-10] Controller.doGet   commandName ==> getImg
2021-10-01 13:41:40,043 INFO c.m.s.Controller [http-nio-8080-exec-2] Controller.doGet   commandName ==> getExhibitions
2021-10-01 13:41:40,072 INFO c.m.s.Controller [http-nio-8080-exec-2] Controller.doGet   address ==> index.jsp
2021-10-01 13:41:40,094 INFO c.m.s.Controller [http-nio-8080-exec-3] Controller.doGet   commandName ==> getImg
2021-10-01 13:41:40,095 INFO c.m.s.Controller [http-nio-8080-exec-4] Controller.doGet   commandName ==> getImg
2021-10-01 13:41:49,315 INFO c.m.s.Controller [http-nio-8080-exec-5] Controller.doGet   commandName ==> logIn
2021-10-01 13:41:49,335 INFO c.m.s.Controller [http-nio-8080-exec-5] Controller.doGet   address ==> index.jsp
2021-10-01 13:41:49,396 INFO c.m.s.Controller [http-nio-8080-exec-8] Controller.doGet   commandName ==> getImg
2021-10-01 13:41:49,397 INFO c.m.s.Controller [http-nio-8080-exec-7] Controller.doGet   commandName ==> getImg
2021-10-01 13:41:55,752 INFO c.m.s.Controller [http-nio-8080-exec-9] Controller.doGet   commandName ==> logOut
2021-10-01 13:41:55,754 INFO c.m.s.Controller [http-nio-8080-exec-9] Controller.doGet   address ==> index.jsp
2021-10-01 13:41:55,803 INFO c.m.s.Controller [http-nio-8080-exec-10] Controller.doGet   commandName ==> getImg
2021-10-01 13:41:55,803 INFO c.m.s.Controller [http-nio-8080-exec-2] Controller.doGet   commandName ==> getImg
2021-10-01 13:42:02,382 INFO c.m.s.Controller [http-nio-8080-exec-3] Controller.doGet   commandName ==> logIn
2021-10-01 13:42:02,386 INFO c.m.s.Controller [http-nio-8080-exec-3] Controller.doGet   address ==> index.jsp
2021-10-01 13:42:02,406 INFO c.m.s.Controller [http-nio-8080-exec-5] Controller.doGet   commandName ==> getImg
2021-10-01 13:42:02,406 INFO c.m.s.Controller [http-nio-8080-exec-6] Controller.doGet   commandName ==> getImg
2021-10-01 14:39:02,434 INFO c.m.s.Controller [main] HelloServlet.destroy
2021-10-01 14:39:20,886 INFO c.m.s.Controller [http-nio-8080-exec-6] HelloServlet.init
2021-10-01 14:39:20,912 INFO c.m.s.Controller [http-nio-8080-exec-6] Controller.doGet   commandName ==> getExhibitions
2021-10-01 14:39:22,014 INFO c.m.s.Controller [http-nio-8080-exec-6] Controller.doGet   address ==> index.jsp
2021-10-01 14:39:22,053 INFO c.m.s.Controller [http-nio-8080-exec-8] Controller.doGet   commandName ==> getImg
2021-10-01 14:39:22,056 INFO c.m.s.Controller [http-nio-8080-exec-7] Controller.doGet   commandName ==> getImg
2021-10-01 14:39:28,975 INFO c.m.s.Controller [http-nio-8080-exec-9] Controller.doGet   commandName ==> logIn
2021-10-01 14:39:28,985 INFO c.m.s.Controller [http-nio-8080-exec-9] Controller.doGet   address ==> index.jsp
2021-10-01 14:39:29,018 INFO c.m.s.Controller [http-nio-8080-exec-1] Controller.doGet   commandName ==> getImg
2021-10-01 14:39:29,024 INFO c.m.s.Controller [http-nio-8080-exec-2] Controller.doGet   commandName ==> getImg
2021-10-01 14:39:31,460 INFO c.m.s.Controller [http-nio-8080-exec-3] Controller.doGet   commandName ==> getExhibitions
2021-10-01 14:40:58,414 INFO c.m.s.Controller [http-nio-8080-exec-5] Controller.doGet   commandName ==> getExhibitions
2021-10-01 14:40:58,454 INFO c.m.s.Controller [http-nio-8080-exec-5] Controller.doGet   address ==> index.jsp
2021-10-01 14:40:58,494 INFO c.m.s.Controller [http-nio-8080-exec-6] Controller.doGet   commandName ==> getImg
2021-10-01 14:40:58,494 INFO c.m.s.Controller [http-nio-8080-exec-8] Controller.doGet   commandName ==> getImg
2021-10-01 14:41:00,586 INFO c.m.s.Controller [http-nio-8080-exec-7] Controller.doGet   commandName ==> getExhibitions
2021-10-01 14:41:00,609 INFO c.m.s.Controller [http-nio-8080-exec-7] Controller.doGet   address ==> index.jsp
2021-10-01 14:41:00,634 INFO c.m.s.Controller [http-nio-8080-exec-9] Controller.doGet   commandName ==> getImg
2021-10-01 14:41:00,637 INFO c.m.s.Controller [http-nio-8080-exec-10] Controller.doGet   commandName ==> getImg
2021-10-01 14:41:02,505 INFO c.m.s.Controller [http-nio-8080-exec-1] Controller.doGet   commandName ==> getExhibitions
2021-10-01 14:41:02,554 INFO c.m.s.Controller [http-nio-8080-exec-1] Controller.doGet   address ==> index.jsp
2021-10-01 14:41:02,599 INFO c.m.s.Controller [http-nio-8080-exec-2] Controller.doGet   commandName ==> getImg
2021-10-01 14:41:02,604 INFO c.m.s.Controller [http-nio-8080-exec-3] Controller.doGet   commandName ==> getImg
2021-10-01 14:41:07,976 INFO c.m.s.Controller [http-nio-8080-exec-4] Controller.doGet   commandName ==> getExhibitions
2021-10-01 14:41:08,005 INFO c.m.s.Controller [http-nio-8080-exec-4] Controller.doGet   address ==> index.jsp
2021-10-01 14:41:08,042 INFO c.m.s.Controller [http-nio-8080-exec-8] Controller.doGet   commandName ==> getImg
2021-10-01 14:41:08,042 INFO c.m.s.Controller [http-nio-8080-exec-5] Controller.doGet   commandName ==> getImg
2021-10-01 14:41:10,466 INFO c.m.s.Controller [http-nio-8080-exec-6] Controller.doGet   commandName ==> getExhibitions
2021-10-01 14:41:10,506 INFO c.m.s.Controller [http-nio-8080-exec-6] Controller.doGet   address ==> index.jsp
2021-10-01 14:41:10,527 INFO c.m.s.Controller [http-nio-8080-exec-7] Controller.doGet   commandName ==> getImg
2021-10-01 14:41:10,529 INFO c.m.s.Controller [http-nio-8080-exec-9] Controller.doGet   commandName ==> getImg
2021-10-01 14:41:28,386 INFO c.m.s.Controller [main] HelloServlet.destroy
2021-10-01 14:42:48,027 INFO c.m.s.Controller [http-nio-8080-exec-9] HelloServlet.init
2021-10-01 14:42:48,051 INFO c.m.s.Controller [http-nio-8080-exec-9] Controller.doGet   commandName ==> getExhibitions
2021-10-01 14:42:48,754 INFO c.m.s.Controller [http-nio-8080-exec-9] Controller.doGet   address ==> index.jsp
2021-10-01 14:42:48,786 INFO c.m.s.Controller [http-nio-8080-exec-1] Controller.doGet   commandName ==> getImg
2021-10-01 14:42:48,788 INFO c.m.s.Controller [http-nio-8080-exec-10] Controller.doGet   commandName ==> getImg
2021-10-01 14:42:51,474 INFO c.m.s.Controller [http-nio-8080-exec-2] Controller.doGet   commandName ==> getExhibitions
2021-10-01 14:42:51,526 INFO c.m.s.Controller [http-nio-8080-exec-2] Controller.doGet   address ==> index.jsp
2021-10-01 14:42:51,562 INFO c.m.s.Controller [http-nio-8080-exec-4] Controller.doGet   commandName ==> getImg
2021-10-01 14:42:51,562 INFO c.m.s.Controller [http-nio-8080-exec-3] Controller.doGet   commandName ==> getImg
2021-10-01 14:43:01,521 INFO c.m.s.Controller [http-nio-8080-exec-5] Controller.doGet   commandName ==> logIn
2021-10-01 14:43:01,537 INFO c.m.s.Controller [http-nio-8080-exec-5] Controller.doGet   address ==> index.jsp
2021-10-01 14:43:01,597 INFO c.m.s.Controller [http-nio-8080-exec-8] Controller.doGet   commandName ==> getImg
2021-10-01 14:43:01,603 INFO c.m.s.Controller [http-nio-8080-exec-8] Controller.doGet   commandName ==> getImg
